<?xml version="1.0" encoding="UTF-8"?>
<!-- Generated by org.testng.reporters.JUnitXMLReporter -->
<testsuite ignored="0" hostname="DESKTOP-M3ANAKJ" failures="0" tests="2" name="Default test" time="5.868" errors="0" timestamp="04 Mar 2024 05:59:42 GMT">
  <testcase classname="com.adactinhotel.qa.testcases.SelectHotelPageTest" name="selectHotelPageTitleTest" time="0.017"/>
  <testcase classname="com.adactinhotel.qa.testcases.SelectHotelPageTest" name="selectHotelBtn" time="0.219"/>
</testsuite> <!-- Default test -->
