<?xml version="1.0" encoding="UTF-8"?>
<!-- Generated by org.testng.reporters.JUnitXMLReporter -->
<testsuite ignored="2" hostname="DESKTOP-M3ANAKJ" failures="0" tests="1" name="Default test" time="3.582" errors="0" timestamp="05 Mar 2024 03:34:42 GMT">
  <testcase classname="com.adactinhotel.qa.testcases.BookAHotelPageTest" name="ceritcardDetailsTest" time="0.344"/>
  <testcase classname="com.adactinhotel.qa.testcases.BookAHotelPageTest" name="bookAHotelPageTitleTest" time="0.0">
    <ignored/>
  </testcase> <!-- bookAHotelPageTitleTest -->
  <testcase classname="com.adactinhotel.qa.testcases.BookAHotelPageTest" name="userDetailsTest" time="0.0">
    <ignored/>
  </testcase> <!-- userDetailsTest -->
</testsuite> <!-- Default test -->
