<?xml version="1.0" encoding="UTF-8"?>
<!-- Generated by org.testng.reporters.JUnitXMLReporter -->
<testsuite ignored="0" hostname="DESKTOP-M3ANAKJ" failures="0" tests="9" name="Adactin Hotel app Test Cases" time="66.061" errors="0" timestamp="06 Mar 2024 03:55:26 GMT">
  <testcase classname="com.adactinhotel.qa.testcases.BookAHotelPageTest" name="bookAHotelPageTitleTest" time="0.032"/>
  <testcase classname="com.adactinhotel.qa.testcases.BookAHotelPageTest" name="ceritcardDetailsTest" time="0.759"/>
  <testcase classname="com.adactinhotel.qa.testcases.BookAHotelPageTest" name="userDetailsTest" time="0.805"/>
  <testcase classname="com.adactinhotel.qa.testcases.BookingConfirmationPageTest" name="MyItinerary" time="13.64"/>
  <testcase classname="com.adactinhotel.qa.testcases.BookingConfirmationPageTest" name="OrderNoTest" time="5.213"/>
  <testcase classname="com.adactinhotel.qa.testcases.BookingConfirmationPageTest" name="bookingConfirmationPageTitleTest" time="0.016"/>
  <testcase classname="com.adactinhotel.qa.testcases.SearchHotelTest" name="searchHotelPageTitleTest" time="0.19"/>
  <testcase classname="com.adactinhotel.qa.testcases.SearchHotelTest" name="userName" time="0.21"/>
  <testcase classname="com.adactinhotel.qa.testcases.SelectHotelPageTest" name="selectHotelPageTitleTest" time="0.018"/>
</testsuite> <!-- Adactin Hotel app Test Cases -->
