<?xml version="1.0" encoding="UTF-8"?>
<testng-results ignored="0" total="2" passed="2" failed="0" skipped="0">
  <reporter-output>
  </reporter-output>
  <suite started-at="2024-03-05T04:24:42Z" name="Default suite" finished-at="2024-03-05T04:24:55Z" duration-ms="12502">
    <groups>
    </groups>
    <test started-at="2024-03-05T04:24:42Z" name="Default test" finished-at="2024-03-05T04:24:55Z" duration-ms="12502">
      <class name="com.adactinhotel.qa.testcases.BookingConfirmationPageTest">
        <test-method is-config="true" signature="setUp()[pri:0, instance:com.adactinhotel.qa.testcases.BookingConfirmationPageTest@130e116b]" started-at="2024-03-05T04:24:42Z" name="setUp" finished-at="2024-03-05T04:24:46Z" duration-ms="3626" status="PASS">
          <reporter-output>
          </reporter-output>
        </test-method> <!-- setUp -->
        <test-method signature="OrderNoTest()[pri:0, instance:com.adactinhotel.qa.testcases.BookingConfirmationPageTest@130e116b]" started-at="2024-03-05T04:24:46Z" name="OrderNoTest" finished-at="2024-03-05T04:24:51Z" duration-ms="5156" status="PASS">
          <reporter-output>
          </reporter-output>
        </test-method> <!-- OrderNoTest -->
        <test-method is-config="true" signature="tearDown()[pri:0, instance:com.adactinhotel.qa.testcases.BookingConfirmationPageTest@130e116b]" started-at="2024-03-05T04:24:51Z" name="tearDown" finished-at="2024-03-05T04:24:52Z" duration-ms="265" status="PASS">
          <reporter-output>
          </reporter-output>
        </test-method> <!-- tearDown -->
        <test-method is-config="true" signature="setUp()[pri:0, instance:com.adactinhotel.qa.testcases.BookingConfirmationPageTest@130e116b]" started-at="2024-03-05T04:24:52Z" name="setUp" finished-at="2024-03-05T04:24:55Z" duration-ms="3208" status="PASS">
          <reporter-output>
          </reporter-output>
        </test-method> <!-- setUp -->
        <test-method signature="bookingConfirmationPageTitleTest()[pri:0, instance:com.adactinhotel.qa.testcases.BookingConfirmationPageTest@130e116b]" started-at="2024-03-05T04:24:55Z" name="bookingConfirmationPageTitleTest" finished-at="2024-03-05T04:24:55Z" duration-ms="6" status="PASS">
          <reporter-output>
          </reporter-output>
        </test-method> <!-- bookingConfirmationPageTitleTest -->
        <test-method is-config="true" signature="tearDown()[pri:0, instance:com.adactinhotel.qa.testcases.BookingConfirmationPageTest@130e116b]" started-at="2024-03-05T04:24:55Z" name="tearDown" finished-at="2024-03-05T04:24:55Z" duration-ms="216" status="PASS">
          <reporter-output>
          </reporter-output>
        </test-method> <!-- tearDown -->
      </class> <!-- com.adactinhotel.qa.testcases.BookingConfirmationPageTest -->
    </test> <!-- Default test -->
  </suite> <!-- Default suite -->
</testng-results>
